<?xml version="1.0" encoding="UTF-8"?>
<testng-results skipped="0" failed="0" ignored="0" total="4" passed="4">
  <reporter-output>
  </reporter-output>
  <suite name="Suite" duration-ms="137" started-at="2019-02-13T02:55:32Z" finished-at="2019-02-13T02:55:33Z">
    <groups>
    </groups>
    <test name="Test" duration-ms="137" started-at="2019-02-13T02:55:32Z" finished-at="2019-02-13T02:55:33Z">
      <class name="qaclickacademy.RestAPITest">
        <test-method status="PASS" signature="deleteTwitter()[pri:0, instance:qaclickacademy.RestAPITest@31ef45e3]" name="deleteTwitter" duration-ms="3" started-at="2019-02-13T02:55:33Z" finished-at="2019-02-13T02:55:33Z">
          <reporter-output>
          </reporter-output>
        </test-method> <!-- deleteTwitter -->
        <test-method status="PASS" signature="postJira()[pri:0, instance:qaclickacademy.RestAPITest@31ef45e3]" name="postJira" duration-ms="2" started-at="2019-02-13T02:55:33Z" finished-at="2019-02-13T02:55:33Z">
          <reporter-output>
          </reporter-output>
        </test-method> <!-- postJira -->
      </class> <!-- qaclickacademy.RestAPITest -->
      <class name="qaclickacademy.SeleniumTest">
        <test-method status="PASS" signature="browserAutomation()[pri:0, instance:qaclickacademy.SeleniumTest@239963d8]" name="browserAutomation" duration-ms="25" started-at="2019-02-13T02:55:33Z" finished-at="2019-02-13T02:55:33Z">
          <reporter-output>
          </reporter-output>
        </test-method> <!-- browserAutomation -->
        <test-method status="PASS" signature="elementsUI()[pri:0, instance:qaclickacademy.SeleniumTest@239963d8]" name="elementsUI" duration-ms="6" started-at="2019-02-13T02:55:33Z" finished-at="2019-02-13T02:55:33Z">
          <reporter-output>
          </reporter-output>
        </test-method> <!-- elementsUI -->
      </class> <!-- qaclickacademy.SeleniumTest -->
    </test> <!-- Test -->
  </suite> <!-- Suite -->
</testng-results>
