<?xml version="1.0" encoding="UTF-8"?>
<!-- Generated by org.testng.reporters.JUnitXMLReporter -->
<testsuite hostname="HALIL" ignored="0" name="Test" tests="4" failures="0" timestamp="13 Feb 2019 02:55:33 GMT" time="0.137" errors="0">
  <testcase name="browserAutomation" time="0.025" classname="qaclickacademy.SeleniumTest"/>
  <testcase name="elementsUI" time="0.006" classname="qaclickacademy.SeleniumTest"/>
  <testcase name="deleteTwitter" time="0.003" classname="qaclickacademy.RestAPITest"/>
  <testcase name="postJira" time="0.002" classname="qaclickacademy.RestAPITest"/>
</testsuite> <!-- Test -->
